1. For table without index
EXPLAIN PLAN FOR
SELECT * FROM EMPLOYEES_NO_INDEX WHERE NAME = 'Employee 123';

SELECT * FROM TABLE(DBMS_XPLAN.DISPLAY);

Output: 0.019 second
Plan hash value: 3487830600
 
----------------------------------------------------------------------------------------
| Id  | Operation         | Name               | Rows  | Bytes | Cost (%CPU)| Time     |
----------------------------------------------------------------------------------------
|   0 | SELECT STATEMENT  |                    |     1 |    38 |  1657   (2)| 00:00:01 |
|*  1 |  TABLE ACCESS FULL| EMPLOYEES_NO_INDEX |     1 |    38 |  1657   (2)| 00:00:01 |
----------------------------------------------------------------------------------------
 
Predicate Information (identified by operation id):
---------------------------------------------------
 
   1 - filter("NAME"='Employee 123')

2. For table with index
EXPLAIN PLAN FOR
SELECT * FROM EMPLOYEES_INDEX WHERE NAME = 'Employee 123';

SELECT * FROM TABLE(DBMS_XPLAN.DISPLAY);

Output: 0.037 second
Plan hash value: 3046815330
 
-------------------------------------------------------------------------------------------------------
| Id  | Operation                           | Name            | Rows  | Bytes | Cost (%CPU)| Time     |
-------------------------------------------------------------------------------------------------------
|   0 | SELECT STATEMENT                    |                 |     1 |    38 |     4   (0)| 00:00:01 |
|   1 |  TABLE ACCESS BY INDEX ROWID BATCHED| EMPLOYEES_INDEX |     1 |    38 |     4   (0)| 00:00:01 |
|*  2 |   INDEX RANGE SCAN                  | IDX_EMP_NAME    |     1 |       |     3   (0)| 00:00:01 |
-------------------------------------------------------------------------------------------------------
 
Predicate Information (identified by operation id):
---------------------------------------------------
 
   2 - access("NAME"='Employee 123')